  main.cpp
c:\users\howeng\desktop\計算機圖學\作業一\as01_framework\as01_framework\hw1_vs2017_framework\openglframework-vs2017\main.cpp(246): warning C4244: 'argument': conversion from 'double' to 'float', possible loss of data
c:\users\howeng\desktop\計算機圖學\作業一\as01_framework\as01_framework\hw1_vs2017_framework\openglframework-vs2017\main.cpp(245): warning C4244: 'argument': conversion from 'double' to 'float', possible loss of data
c:\users\howeng\desktop\計算機圖學\作業一\as01_framework\as01_framework\hw1_vs2017_framework\openglframework-vs2017\main.cpp(244): warning C4244: 'argument': conversion from 'double' to 'float', possible loss of data
c:\users\howeng\desktop\計算機圖學\作業一\as01_framework\as01_framework\hw1_vs2017_framework\openglframework-vs2017\main.cpp(260): warning C4244: 'argument': conversion from 'double' to 'float', possible loss of data
c:\users\howeng\desktop\計算機圖學\作業一\as01_framework\as01_framework\hw1_vs2017_framework\openglframework-vs2017\main.cpp(284): warning C4244: 'argument': conversion from 'double' to 'float', possible loss of data
c:\users\howeng\desktop\計算機圖學\作業一\as01_framework\as01_framework\hw1_vs2017_framework\openglframework-vs2017\main.cpp(293): warning C4244: 'argument': conversion from 'double' to 'float', possible loss of data
c:\users\howeng\desktop\計算機圖學\作業一\as01_framework\as01_framework\hw1_vs2017_framework\openglframework-vs2017\main.cpp(292): warning C4244: 'argument': conversion from 'double' to 'float', possible loss of data
c:\users\howeng\desktop\計算機圖學\作業一\as01_framework\as01_framework\hw1_vs2017_framework\openglframework-vs2017\main.cpp(291): warning C4244: 'argument': conversion from 'double' to 'float', possible loss of data
c:\users\howeng\desktop\計算機圖學\作業一\as01_framework\as01_framework\hw1_vs2017_framework\openglframework-vs2017\main.cpp(306): warning C4305: 'initializing': truncation from 'double' to 'GLfloat'
c:\users\howeng\desktop\計算機圖學\作業一\as01_framework\as01_framework\hw1_vs2017_framework\openglframework-vs2017\main.cpp(313): warning C4305: 'initializing': truncation from 'double' to 'GLfloat'
c:\users\howeng\desktop\計算機圖學\作業一\as01_framework\as01_framework\hw1_vs2017_framework\openglframework-vs2017\main.cpp(433): warning C4244: '+=': conversion from 'double' to 'float', possible loss of data
c:\users\howeng\desktop\計算機圖學\作業一\as01_framework\as01_framework\hw1_vs2017_framework\openglframework-vs2017\main.cpp(436): warning C4244: '+=': conversion from 'double' to 'float', possible loss of data
c:\users\howeng\desktop\計算機圖學\作業一\as01_framework\as01_framework\hw1_vs2017_framework\openglframework-vs2017\main.cpp(439): warning C4244: '+=': conversion from 'double' to 'float', possible loss of data
c:\users\howeng\desktop\計算機圖學\作業一\as01_framework\as01_framework\hw1_vs2017_framework\openglframework-vs2017\main.cpp(442): warning C4244: '+=': conversion from 'double' to 'float', possible loss of data
c:\users\howeng\desktop\計算機圖學\作業一\as01_framework\as01_framework\hw1_vs2017_framework\openglframework-vs2017\main.cpp(446): warning C4244: '+=': conversion from 'double' to 'float', possible loss of data
c:\users\howeng\desktop\計算機圖學\作業一\as01_framework\as01_framework\hw1_vs2017_framework\openglframework-vs2017\main.cpp(450): warning C4244: '+=': conversion from 'double' to 'float', possible loss of data
c:\users\howeng\desktop\計算機圖學\作業一\as01_framework\as01_framework\hw1_vs2017_framework\openglframework-vs2017\main.cpp(496): warning C4244: '+=': conversion from 'double' to 'float', possible loss of data
c:\users\howeng\desktop\計算機圖學\作業一\as01_framework\as01_framework\hw1_vs2017_framework\openglframework-vs2017\main.cpp(497): warning C4244: '-=': conversion from 'double' to 'float', possible loss of data
c:\users\howeng\desktop\計算機圖學\作業一\as01_framework\as01_framework\hw1_vs2017_framework\openglframework-vs2017\main.cpp(500): warning C4244: '+=': conversion from 'double' to 'float', possible loss of data
c:\users\howeng\desktop\計算機圖學\作業一\as01_framework\as01_framework\hw1_vs2017_framework\openglframework-vs2017\main.cpp(501): warning C4244: '+=': conversion from 'double' to 'float', possible loss of data
c:\users\howeng\desktop\計算機圖學\作業一\as01_framework\as01_framework\hw1_vs2017_framework\openglframework-vs2017\main.cpp(504): warning C4244: '+=': conversion from 'double' to 'float', possible loss of data
c:\users\howeng\desktop\計算機圖學\作業一\as01_framework\as01_framework\hw1_vs2017_framework\openglframework-vs2017\main.cpp(505): warning C4244: '+=': conversion from 'double' to 'float', possible loss of data
c:\users\howeng\desktop\計算機圖學\作業一\as01_framework\as01_framework\hw1_vs2017_framework\openglframework-vs2017\main.cpp(508): warning C4244: '+=': conversion from 'double' to 'float', possible loss of data
c:\users\howeng\desktop\計算機圖學\作業一\as01_framework\as01_framework\hw1_vs2017_framework\openglframework-vs2017\main.cpp(509): warning C4244: '+=': conversion from 'double' to 'float', possible loss of data
c:\users\howeng\desktop\計算機圖學\作業一\as01_framework\as01_framework\hw1_vs2017_framework\openglframework-vs2017\main.cpp(513): warning C4244: '+=': conversion from 'double' to 'float', possible loss of data
c:\users\howeng\desktop\計算機圖學\作業一\as01_framework\as01_framework\hw1_vs2017_framework\openglframework-vs2017\main.cpp(514): warning C4244: '+=': conversion from 'double' to 'float', possible loss of data
c:\users\howeng\desktop\計算機圖學\作業一\as01_framework\as01_framework\hw1_vs2017_framework\openglframework-vs2017\main.cpp(518): warning C4244: '+=': conversion from 'double' to 'float', possible loss of data
c:\users\howeng\desktop\計算機圖學\作業一\as01_framework\as01_framework\hw1_vs2017_framework\openglframework-vs2017\main.cpp(519): warning C4244: '+=': conversion from 'double' to 'float', possible loss of data
c:\users\howeng\desktop\計算機圖學\作業一\as01_framework\as01_framework\hw1_vs2017_framework\openglframework-vs2017\main.cpp(745): warning C4477: 'printf' : format string '%d' requires an argument of type 'int', but variadic argument 1 has type 'unsigned __int64'
  c:\users\howeng\desktop\計算機圖學\作業一\as01_framework\as01_framework\hw1_vs2017_framework\openglframework-vs2017\main.cpp(745): note: consider using '%zd' in the format string
c:\users\howeng\desktop\計算機圖學\作業一\as01_framework\as01_framework\hw1_vs2017_framework\openglframework-vs2017\main.cpp(745): warning C4477: 'printf' : format string '%d' requires an argument of type 'int', but variadic argument 2 has type 'unsigned __int64'
  c:\users\howeng\desktop\計算機圖學\作業一\as01_framework\as01_framework\hw1_vs2017_framework\openglframework-vs2017\main.cpp(745): note: consider using '%zd' in the format string
c:\users\howeng\desktop\計算機圖學\作業一\as01_framework\as01_framework\hw1_vs2017_framework\openglframework-vs2017\main.cpp(757): warning C4267: '=': conversion from 'size_t' to 'int', possible loss of data
c:\users\howeng\desktop\計算機圖學\作業一\as01_framework\as01_framework\hw1_vs2017_framework\openglframework-vs2017\main.cpp(781): warning C4305: '=': truncation from 'double' to 'GLfloat'
c:\users\howeng\desktop\計算機圖學\作業一\as01_framework\as01_framework\hw1_vs2017_framework\openglframework-vs2017\main.cpp(801): warning C4305: 'argument': truncation from 'double' to 'GLfloat'
  OpenGLFramework-VS2017.vcxproj -> C:\Users\Howeng\Desktop\計算機圖學\作業一\AS01_Framework\AS01_Framework\HW1_VS2017_Framework\x64\Debug\OpenGLFramework-VS2017.exe
